Using pre-set license
Built from '2020.2/release' branch; Version is '2020.2.1f1 (270dd8c3da1c) revision 2559448'; Using compiler version '192528614'; Build Type 'Release'
OS: 'Windows 10  (10.0.0) 64bit' Language: 'en' Physical Memory: 16333 MB
BatchMode: 1, IsHumanControllingUs: 0, StartBugReporterOnCrash: 0, Is64bit: 1, IsPro: 0

 COMMAND LINE ARGUMENTS:
D:\Unity\2020.2.1f1\Editor\Unity.exe
-adb2
-batchMode
-noUpm
-name
AssetImportWorker0
-projectPath
C:/Users/HS/Documents/GitHub/ProjectCerberus/CerberusMVP
-logFile
Logs/AssetImportWorker0.log
-srvPort
51573
Successfully changed project path to: C:/Users/HS/Documents/GitHub/ProjectCerberus/CerberusMVP
C:/Users/HS/Documents/GitHub/ProjectCerberus/CerberusMVP
Using Asset Import Pipeline V2.
Refreshing native plugins compatible for Editor in 59.71 ms, found 0 plugins.
Preloading 0 native plugins for Editor in 0.00 ms.
Initialize engine version: 2020.2.1f1 (270dd8c3da1c)
[Subsystems] Discovering subsystems at path D:/Unity/2020.2.1f1/Editor/Data/Resources/UnitySubsystems
[Subsystems] Discovering subsystems at path C:/Users/HS/Documents/GitHub/ProjectCerberus/CerberusMVP/Assets
GfxDevice: creating device client; threaded=0
Direct3D:
    Version:  Direct3D 11.0 [level 11.1]
    Renderer: NVIDIA GeForce RTX 2070 SUPER (ID=0x1e84)
    Vendor:   
    VRAM:     8011 MB
    Driver:   27.21.14.6089
Shader 'Universal Render Pipeline/Particles/Lit': fallback shader 'Universal Render Pipeline/Particles/SimpleLit' not found
Initialize mono
Mono path[0] = 'D:/Unity/2020.2.1f1/Editor/Data/Managed'
Mono path[1] = 'D:/Unity/2020.2.1f1/Editor/Data/MonoBleedingEdge/lib/mono/unityjit'
Mono config path = 'D:/Unity/2020.2.1f1/Editor/Data/MonoBleedingEdge/etc'
Using monoOptions --debugger-agent=transport=dt_socket,embedding=1,server=y,suspend=n,address=127.0.0.1:56076
Begin MonoManager ReloadAssembly
Registering precompiled unity dll's ...
Register platform support module: D:/Unity/2020.2.1f1/Editor/Data/PlaybackEngines/WindowsStandaloneSupport/UnityEditor.WindowsStandalone.Extensions.dll
Registered in 0.000697 seconds.
Native extension for WindowsStandalone target not found
Refreshing native plugins compatible for Editor in 59.85 ms, found 0 plugins.
Preloading 0 native plugins for Editor in 0.00 ms.
Invoked RoslynAnalysisRunner static constructor.
RoslynAnalysisRunner will not be running.
RoslynAnalysisRunner has terminated.
Mono: successfully reloaded assembly
- Completed reload, in  0.625 seconds
Platform modules already initialized, skipping
Registering precompiled user dll's ...
Registered in 0.001697 seconds.
Begin MonoManager ReloadAssembly
Native extension for WindowsStandalone target not found
Refreshing native plugins compatible for Editor in 64.09 ms, found 0 plugins.
Preloading 0 native plugins for Editor in 0.00 ms.
Invoked RoslynAnalysisRunner static constructor.
RoslynAnalysisRunner will not be running.
RoslynAnalysisRunner has terminated.
Mono: successfully reloaded assembly
- Completed reload, in  1.213 seconds
Platform modules already initialized, skipping
========================================================================
Worker process is ready to serve import requests
Shader 'Universal Render Pipeline/Particles/Lit': fallback shader 'Universal Render Pipeline/Particles/SimpleLit' not found
Launched and connected shader compiler UnityShaderCompiler.exe after 0.03 seconds
Refreshing native plugins compatible for Editor in 0.80 ms, found 0 plugins.
Preloading 0 native plugins for Editor in 0.00 ms.
Unloading 3644 Unused Serialized files (Serialized files now loaded: 0)
System memory in use before: 161.5 MB.
System memory in use after: 161.8 MB.

Unloading 14 unused Assets to reduce memory usage. Loaded Objects now: 4088.
Total: 2.669400 ms (FindLiveObjects: 0.416900 ms CreateObjectMapping: 0.109000 ms MarkObjects: 2.075100 ms  DeleteObjects: 0.067600 ms)

========================================================================
Received Import Request.
  path: Assets/Prefabs/Rooms/Final Prefabs
  artifactKey: Guid(8a1a8df595ede424d848fe59b4f20f0c) Importer(815301076,1909f56bfc062723c751e8b465ee728b)
Start importing Assets/Prefabs/Rooms/Final Prefabs using Guid(8a1a8df595ede424d848fe59b4f20f0c) Importer(815301076,1909f56bfc062723c751e8b465ee728b)  -> (artifact id: 'ebd129558c4ab7bf9560af9f1886628f') in 0.010102 seconds
  Import took 0.015219 seconds .

========================================================================
Received Import Request.
  Time since last request: 1.800475 seconds.
  path: Assets/Prefabs/Rooms/Arthur's_Rooms/Street_Room_2.fbx
  artifactKey: Guid(4981d73acd0637c44bf7a5fc1f9e8d11) Importer(815301076,1909f56bfc062723c751e8b465ee728b)
Start importing Assets/Prefabs/Rooms/Arthur's_Rooms/Street_Room_2.fbx using Guid(4981d73acd0637c44bf7a5fc1f9e8d11) Importer(815301076,1909f56bfc062723c751e8b465ee728b)  -> (artifact id: 'a565af17c7e4afcd31ddf27fac6254b5') in 0.344507 seconds
  Import took 0.350293 seconds .

========================================================================
Received Import Request.
  Time since last request: 21.349745 seconds.
  path: Assets/Prefabs/Rooms/Arthur's_Rooms/Street_Room_2.fbx
  artifactKey: Guid(4981d73acd0637c44bf7a5fc1f9e8d11) Importer(815301076,1909f56bfc062723c751e8b465ee728b)
Start importing Assets/Prefabs/Rooms/Arthur's_Rooms/Street_Room_2.fbx using Guid(4981d73acd0637c44bf7a5fc1f9e8d11) Importer(815301076,1909f56bfc062723c751e8b465ee728b)  -> (artifact id: '352521a8bcef75c41dd6564e752b3227') in 0.166337 seconds
  Import took 0.172040 seconds .

========================================================================
Received Prepare
Registering precompiled user dll's ...
Registered in 0.001905 seconds.
Begin MonoManager ReloadAssembly
Native extension for WindowsStandalone target not found
Refreshing native plugins compatible for Editor in 0.82 ms, found 0 plugins.
Preloading 0 native plugins for Editor in 0.00 ms.
Invoked RoslynAnalysisRunner static constructor.
RoslynAnalysisRunner will not be running.
RoslynAnalysisRunner has terminated.
Mono: successfully reloaded assembly
- Completed reload, in  0.834 seconds
Platform modules already initialized, skipping
Shader 'Universal Render Pipeline/Particles/Lit': fallback shader 'Universal Render Pipeline/Particles/SimpleLit' not found
Refreshing native plugins compatible for Editor in 0.81 ms, found 0 plugins.
Preloading 0 native plugins for Editor in 0.00 ms.
Unloading 3488 Unused Serialized files (Serialized files now loaded: 0)
System memory in use before: 158.7 MB.
System memory in use after: 158.9 MB.

Unloading 7 unused Assets to reduce memory usage. Loaded Objects now: 4171.
Total: 2.634500 ms (FindLiveObjects: 0.444500 ms CreateObjectMapping: 0.097300 ms MarkObjects: 2.073000 ms  DeleteObjects: 0.018600 ms)

AssetImportWorkerClient::OnTransportError - code=2 error=End of file
