Using pre-set license
Built from '2020.2/release' branch; Version is '2020.2.1f1 (270dd8c3da1c) revision 2559448'; Using compiler version '192528614'; Build Type 'Release'
OS: 'Windows 10  (10.0.0) 64bit' Language: 'en' Physical Memory: 8152 MB
BatchMode: 1, IsHumanControllingUs: 0, StartBugReporterOnCrash: 0, Is64bit: 1, IsPro: 0

 COMMAND LINE ARGUMENTS:
D:\Unity\2020.2.1f1\Editor\Unity.exe
-adb2
-batchMode
-noUpm
-name
AssetImportWorker1
-projectPath
D:/Cerberus/GitHub/ProjectCerberus/CerberusMVP
-logFile
Logs/AssetImportWorker1.log
-srvPort
60702
Successfully changed project path to: D:/Cerberus/GitHub/ProjectCerberus/CerberusMVP
D:/Cerberus/GitHub/ProjectCerberus/CerberusMVP
Using Asset Import Pipeline V2.
Refreshing native plugins compatible for Editor in 107.60 ms, found 0 plugins.
Preloading 0 native plugins for Editor in 0.00 ms.
Initialize engine version: 2020.2.1f1 (270dd8c3da1c)
[Subsystems] Discovering subsystems at path D:/Unity/2020.2.1f1/Editor/Data/Resources/UnitySubsystems
[Subsystems] Discovering subsystems at path D:/Cerberus/GitHub/ProjectCerberus/CerberusMVP/Assets
GfxDevice: creating device client; threaded=0
Direct3D:
    Version:  Direct3D 11.0 [level 11.1]
    Renderer: NVIDIA GeForce GTX 970 (ID=0x13c2)
    Vendor:   
    VRAM:     4043 MB
    Driver:   27.21.14.5730
Shader 'Universal Render Pipeline/Particles/Lit': fallback shader 'Universal Render Pipeline/Particles/SimpleLit' not found
Initialize mono
Mono path[0] = 'D:/Unity/2020.2.1f1/Editor/Data/Managed'
Mono path[1] = 'D:/Unity/2020.2.1f1/Editor/Data/MonoBleedingEdge/lib/mono/unityjit'
Mono config path = 'D:/Unity/2020.2.1f1/Editor/Data/MonoBleedingEdge/etc'
Using monoOptions --debugger-agent=transport=dt_socket,embedding=1,server=y,suspend=n,address=127.0.0.1:56728
Begin MonoManager ReloadAssembly
Registering precompiled unity dll's ...
Register platform support module: D:/Unity/2020.2.1f1/Editor/Data/PlaybackEngines/WindowsStandaloneSupport/UnityEditor.WindowsStandalone.Extensions.dll
Registered in 0.001046 seconds.
Native extension for WindowsStandalone target not found
Refreshing native plugins compatible for Editor in 95.83 ms, found 0 plugins.
Preloading 0 native plugins for Editor in 0.00 ms.
Invoked RoslynAnalysisRunner static constructor.
RoslynAnalysisRunner will not be running.
RoslynAnalysisRunner has terminated.
Mono: successfully reloaded assembly
- Completed reload, in  1.203 seconds
Platform modules already initialized, skipping
Registering precompiled user dll's ...
Registered in 0.002013 seconds.
Begin MonoManager ReloadAssembly
Native extension for WindowsStandalone target not found
Refreshing native plugins compatible for Editor in 109.66 ms, found 0 plugins.
Preloading 0 native plugins for Editor in 0.00 ms.
Invoked RoslynAnalysisRunner static constructor.
RoslynAnalysisRunner will not be running.
RoslynAnalysisRunner has terminated.
Mono: successfully reloaded assembly
- Completed reload, in  2.066 seconds
Platform modules already initialized, skipping
========================================================================
Worker process is ready to serve import requests
Shader 'Universal Render Pipeline/Particles/Lit': fallback shader 'Universal Render Pipeline/Particles/SimpleLit' not found
Launched and connected shader compiler UnityShaderCompiler.exe after 0.13 seconds
Refreshing native plugins compatible for Editor in 0.76 ms, found 0 plugins.
Preloading 0 native plugins for Editor in 0.00 ms.
Unloading 3348 Unused Serialized files (Serialized files now loaded: 0)
System memory in use before: 226.9 MB.
System memory in use after: 227.1 MB.

Unloading 12 unused Assets to reduce memory usage. Loaded Objects now: 3802.
Total: 2.721400 ms (FindLiveObjects: 0.308200 ms CreateObjectMapping: 0.127000 ms MarkObjects: 2.190600 ms  DeleteObjects: 0.094000 ms)

========================================================================
Received Import Request.
  path: Assets/Animations/Grenadier
  artifactKey: Guid(f9111f38232f9ba42af204d4bb179924) Importer(815301076,1909f56bfc062723c751e8b465ee728b)
Start importing Assets/Animations/Grenadier using Guid(f9111f38232f9ba42af204d4bb179924) Importer(815301076,1909f56bfc062723c751e8b465ee728b)  -> (artifact id: '2ae95892e25642342f6edf7af84549a1') in 0.046837 seconds
  Import took 0.073059 seconds .

========================================================================
Received Import Request.
  Time since last request: 0.000337 seconds.
  path: Assets/Animations/Grenadier/Ch15_nonPBR.fbx
  artifactKey: Guid(720efbcdd96ee3642a4ee2fa25a92db4) Importer(815301076,1909f56bfc062723c751e8b465ee728b)
Start importing Assets/Animations/Grenadier/Ch15_nonPBR.fbx using Guid(720efbcdd96ee3642a4ee2fa25a92db4) Importer(815301076,1909f56bfc062723c751e8b465ee728b)  -> (artifact id: '4e4f3e43326df981d512ecb1616ba139') in 0.595196 seconds
  Import took 0.623491 seconds .

========================================================================
Received Import Request.
  Time since last request: 27.944796 seconds.
  path: Assets/Animations/Grenadier/Ch15_nonPBR.fbx
  artifactKey: Guid(720efbcdd96ee3642a4ee2fa25a92db4) Importer(815301076,1909f56bfc062723c751e8b465ee728b)
Start importing Assets/Animations/Grenadier/Ch15_nonPBR.fbx using Guid(720efbcdd96ee3642a4ee2fa25a92db4) Importer(815301076,1909f56bfc062723c751e8b465ee728b)  -> (artifact id: '2b40e2ad882b3178246de270647e8bc5') in 0.083192 seconds
  Import took 0.101442 seconds .

========================================================================
Received Import Request.
  Time since last request: 0.000405 seconds.
  path: Assets/Animations/Grenadier/Ch15_1002_Specular.png
  artifactKey: Guid(9aa320ceb71060d42ad34efa4425941a) Importer(815301076,1909f56bfc062723c751e8b465ee728b)
Start importing Assets/Animations/Grenadier/Ch15_1002_Specular.png using Guid(9aa320ceb71060d42ad34efa4425941a) Importer(815301076,1909f56bfc062723c751e8b465ee728b)  -> (artifact id: '8217b9bcf193ca107aab3137d01d947d') in 0.150978 seconds
  Import took 0.176769 seconds .

========================================================================
Received Import Request.
  Time since last request: 0.000268 seconds.
  path: Assets/Animations/Grenadier/Ch15_1001_Normal.png
  artifactKey: Guid(58c10adc4fe607649987de19b5e0e76b) Importer(815301076,1909f56bfc062723c751e8b465ee728b)
Start importing Assets/Animations/Grenadier/Ch15_1001_Normal.png using Guid(58c10adc4fe607649987de19b5e0e76b) Importer(815301076,1909f56bfc062723c751e8b465ee728b)  -> (artifact id: 'd5bd70b496756d68661d9a7f41155208') in 0.023659 seconds
  Import took 0.029438 seconds .

========================================================================
Received Import Request.
  Time since last request: 0.000259 seconds.
  path: Assets/Animations/Grenadier/Ch15_1002_Emissive.png
  artifactKey: Guid(e0f72df29e8c8fb4eb9fe742a47e25b0) Importer(815301076,1909f56bfc062723c751e8b465ee728b)
Start importing Assets/Animations/Grenadier/Ch15_1002_Emissive.png using Guid(e0f72df29e8c8fb4eb9fe742a47e25b0) Importer(815301076,1909f56bfc062723c751e8b465ee728b)  -> (artifact id: 'cc1987396ce4aba527e94ef2f1f25e11') in 0.014279 seconds
  Import took 0.039045 seconds .

========================================================================
Received Import Request.
  Time since last request: 0.000268 seconds.
  path: Assets/Animations/Grenadier/Ch15_1002_Diffuse.png
  artifactKey: Guid(fce163af622ee5e4aaa092a1af25d591) Importer(815301076,1909f56bfc062723c751e8b465ee728b)
Start importing Assets/Animations/Grenadier/Ch15_1002_Diffuse.png using Guid(fce163af622ee5e4aaa092a1af25d591) Importer(815301076,1909f56bfc062723c751e8b465ee728b)  -> (artifact id: 'bda66a82de87708440d50e1e4c9fd350') in 0.020867 seconds
  Import took 0.076172 seconds .

========================================================================
Received Import Request.
  Time since last request: 0.000249 seconds.
  path: Assets/Animations/Grenadier/Ch15_1002_Normal.png
  artifactKey: Guid(b9f4e815577994b41a24d3319bffa65a) Importer(815301076,1909f56bfc062723c751e8b465ee728b)
Start importing Assets/Animations/Grenadier/Ch15_1002_Normal.png using Guid(b9f4e815577994b41a24d3319bffa65a) Importer(815301076,1909f56bfc062723c751e8b465ee728b)  -> (artifact id: '4f963724605ad59418d0517a170d2876') in 0.024242 seconds
  Import took 0.051360 seconds .

========================================================================
Received Import Request.
  Time since last request: 0.000283 seconds.
  path: Assets/Animations/Grenadier/Ch15_1001_Specular.png
  artifactKey: Guid(41e75fef81a34f0419e68782dc618721) Importer(815301076,1909f56bfc062723c751e8b465ee728b)
Start importing Assets/Animations/Grenadier/Ch15_1001_Specular.png using Guid(41e75fef81a34f0419e68782dc618721) Importer(815301076,1909f56bfc062723c751e8b465ee728b)  -> (artifact id: '04f86d98cbb58f72098bb12d1993f296') in 0.013924 seconds
  Import took 0.082952 seconds .

========================================================================
Received Import Request.
  Time since last request: 0.000267 seconds.
  path: Assets/Animations/Grenadier/Ch15_1002_Glossiness.png
  artifactKey: Guid(c6d28359e561b1b45b27710acdae19d7) Importer(815301076,1909f56bfc062723c751e8b465ee728b)
Start importing Assets/Animations/Grenadier/Ch15_1002_Glossiness.png using Guid(c6d28359e561b1b45b27710acdae19d7) Importer(815301076,1909f56bfc062723c751e8b465ee728b)  -> (artifact id: '99160de5242e94969d0c7ed7bea08990') in 0.023390 seconds
  Import took 0.069061 seconds .

========================================================================
Received Import Request.
  Time since last request: 0.000213 seconds.
  path: Assets/Animations/Grenadier/Ch15_1001_Glossiness.png
  artifactKey: Guid(e6b881457d71e1a48add3cab7f185145) Importer(815301076,1909f56bfc062723c751e8b465ee728b)
Start importing Assets/Animations/Grenadier/Ch15_1001_Glossiness.png using Guid(e6b881457d71e1a48add3cab7f185145) Importer(815301076,1909f56bfc062723c751e8b465ee728b)  -> (artifact id: 'eebe560f8356754cf1e73ead202d2d11') in 0.022492 seconds
  Import took 0.110257 seconds .

========================================================================
Received Import Request.
  Time since last request: 0.000258 seconds.
  path: Assets/Animations/Grenadier/Ch15_1001_Diffuse.png
  artifactKey: Guid(1b90516c2c8219f42b2fcd15d1f39a36) Importer(815301076,1909f56bfc062723c751e8b465ee728b)
Start importing Assets/Animations/Grenadier/Ch15_1001_Diffuse.png using Guid(1b90516c2c8219f42b2fcd15d1f39a36) Importer(815301076,1909f56bfc062723c751e8b465ee728b)  -> (artifact id: '58b87127ee7ac3aafd905199a91b57ea') in 0.022717 seconds
  Import took 0.133041 seconds .

========================================================================
Received Import Request.
  Time since last request: 8.941029 seconds.
  path: Assets/Animations/Grenadier/Ch15_1001_Normal.png
  artifactKey: Guid(58c10adc4fe607649987de19b5e0e76b) Importer(815301076,1909f56bfc062723c751e8b465ee728b)
Start importing Assets/Animations/Grenadier/Ch15_1001_Normal.png using Guid(58c10adc4fe607649987de19b5e0e76b) Importer(815301076,1909f56bfc062723c751e8b465ee728b)  -> (artifact id: '67fb06dcea43d6181e0cea7c4fef7468') in 0.027618 seconds
  Import took 0.043424 seconds .

========================================================================
Received Import Request.
  Time since last request: 0.000275 seconds.
  path: Assets/Animations/Grenadier/Ch15_1002_Normal.png
  artifactKey: Guid(b9f4e815577994b41a24d3319bffa65a) Importer(815301076,1909f56bfc062723c751e8b465ee728b)
Start importing Assets/Animations/Grenadier/Ch15_1002_Normal.png using Guid(b9f4e815577994b41a24d3319bffa65a) Importer(815301076,1909f56bfc062723c751e8b465ee728b)  -> (artifact id: 'ac2542e670270b8097c92dbfaacaf7e5') in 0.024957 seconds
  Import took 0.034085 seconds .

========================================================================
Received Import Request.
  Time since last request: 0.003969 seconds.
  path: Assets/Animations/Grenadier/Ch15_1002_Normal.png
  artifactKey: Guid(b9f4e815577994b41a24d3319bffa65a) Importer(815301076,1909f56bfc062723c751e8b465ee728b)
Start importing Assets/Animations/Grenadier/Ch15_1002_Normal.png using Guid(b9f4e815577994b41a24d3319bffa65a) Importer(815301076,1909f56bfc062723c751e8b465ee728b)  -> (artifact id: 'ac2542e670270b8097c92dbfaacaf7e5') in 0.022001 seconds
  Import took 0.029392 seconds .

========================================================================
Received Import Request.
  Time since last request: 325.518686 seconds.
  path: Assets/Animations/Red Enemy Model + Anims
  artifactKey: Guid(e61d42361065f0d4d91d7ff7664db0a2) Importer(815301076,1909f56bfc062723c751e8b465ee728b)
Start importing Assets/Animations/Red Enemy Model + Anims using Guid(e61d42361065f0d4d91d7ff7664db0a2) Importer(815301076,1909f56bfc062723c751e8b465ee728b)  -> (artifact id: '431d0a040276123393947b320b903433') in 0.008122 seconds
  Import took 0.032134 seconds .

========================================================================
Received Import Request.
  Time since last request: 0.001165 seconds.
  path: Assets/Animations/Red Enemy Model + Anims
  artifactKey: Guid(e61d42361065f0d4d91d7ff7664db0a2) Importer(815301076,1909f56bfc062723c751e8b465ee728b)
Start importing Assets/Animations/Red Enemy Model + Anims using Guid(e61d42361065f0d4d91d7ff7664db0a2) Importer(815301076,1909f56bfc062723c751e8b465ee728b)  -> (artifact id: '431d0a040276123393947b320b903433') in 0.002865 seconds
  Import took 0.013508 seconds .

========================================================================
Received Import Request.
  Time since last request: 104.789727 seconds.
  path: Assets/Animations/Red Enemy Model + Anims/Reloading.anim
  artifactKey: Guid(9b64092453cd0aa4eac171990e537e38) Importer(815301076,1909f56bfc062723c751e8b465ee728b)
Start importing Assets/Animations/Red Enemy Model + Anims/Reloading.anim using Guid(9b64092453cd0aa4eac171990e537e38) Importer(815301076,1909f56bfc062723c751e8b465ee728b)  -> (artifact id: 'ba639f589e8beff6b250d1320228eb64') in 0.026156 seconds
  Import took 0.081294 seconds .

========================================================================
Received Import Request.
  Time since last request: 0.027145 seconds.
  path: Assets/Animations/Red Enemy Model + Anims/Reloading.anim
  artifactKey: Guid(9b64092453cd0aa4eac171990e537e38) Importer(815301076,1909f56bfc062723c751e8b465ee728b)
Start importing Assets/Animations/Red Enemy Model + Anims/Reloading.anim using Guid(9b64092453cd0aa4eac171990e537e38) Importer(815301076,1909f56bfc062723c751e8b465ee728b)  -> (artifact id: 'ba639f589e8beff6b250d1320228eb64') in 0.003776 seconds
  Import took 0.013105 seconds .

========================================================================
Received Import Request.
  Time since last request: 20.275685 seconds.
  path: Assets/Animations/Red Enemy Model + Anims/Idle.anim
  artifactKey: Guid(692650b3cfd8c2947a38a10fc6b7fc76) Importer(815301076,1909f56bfc062723c751e8b465ee728b)
Start importing Assets/Animations/Red Enemy Model + Anims/Idle.anim using Guid(692650b3cfd8c2947a38a10fc6b7fc76) Importer(815301076,1909f56bfc062723c751e8b465ee728b)  -> (artifact id: 'be29dd938b4d26a70c91c63f218b7ada') in 0.042721 seconds
  Import took 0.078102 seconds .

========================================================================
Received Import Request.
  Time since last request: 364.441356 seconds.
  path: Assets/Animations/Red Enemy Model + Anims/Hit Reaction.anim
  artifactKey: Guid(3c757d86f8738ad43bb5b3e144f8022c) Importer(815301076,1909f56bfc062723c751e8b465ee728b)
Start importing Assets/Animations/Red Enemy Model + Anims/Hit Reaction.anim using Guid(3c757d86f8738ad43bb5b3e144f8022c) Importer(815301076,1909f56bfc062723c751e8b465ee728b)  -> (artifact id: '59cb7df3fb908c0357d80a7a33443fae') in 0.033143 seconds
  Import took 0.093259 seconds .

